0 info it worked if it ends with ok
1 verbose cli [ '/usr/bin/node', '/usr/bin/npm', 'run', 'dev' ]
2 info using npm@3.8.1
3 info using node@v5.8.0
4 verbose run-script [ 'predev', 'dev', 'postdev' ]
5 info lifecycle expenses-app@1.0.0~predev: expenses-app@1.0.0
6 silly lifecycle expenses-app@1.0.0~predev: no script for predev, continuing
7 info lifecycle expenses-app@1.0.0~dev: expenses-app@1.0.0
8 verbose lifecycle expenses-app@1.0.0~dev: unsafe-perm in lifecycle true
9 verbose lifecycle expenses-app@1.0.0~dev: PATH: /usr/lib/node_modules/npm/bin/node-gyp-bin:/home/jiewmeng/Dropbox/expenses-app/node_modules/.bin:/usr/bin:/home/jiewmeng/bin:/usr/local/bin:/usr/local/sbin:/usr/local/bin:/usr/bin:/usr/lib/jvm/default/bin:/usr/bin/site_perl:/usr/bin/vendor_perl:/usr/bin/core_perl
10 verbose lifecycle expenses-app@1.0.0~dev: CWD: /home/jiewmeng/Dropbox/expenses-app
11 silly lifecycle expenses-app@1.0.0~dev: Args: [ '-c', 'node scripts/develop.js' ]
12 silly lifecycle expenses-app@1.0.0~dev: Returned: code: 1  signal: null
13 info lifecycle expenses-app@1.0.0~dev: Failed to exec dev script
14 verbose stack Error: expenses-app@1.0.0 dev: `node scripts/develop.js`
14 verbose stack Exit status 1
14 verbose stack     at EventEmitter.<anonymous> (/usr/lib/node_modules/npm/lib/utils/lifecycle.js:239:16)
14 verbose stack     at emitTwo (events.js:100:13)
14 verbose stack     at EventEmitter.emit (events.js:185:7)
14 verbose stack     at ChildProcess.<anonymous> (/usr/lib/node_modules/npm/lib/utils/spawn.js:24:14)
14 verbose stack     at emitTwo (events.js:100:13)
14 verbose stack     at ChildProcess.emit (events.js:185:7)
14 verbose stack     at maybeClose (internal/child_process.js:850:16)
14 verbose stack     at Process.ChildProcess._handle.onexit (internal/child_process.js:215:5)
15 verbose pkgid expenses-app@1.0.0
16 verbose cwd /home/jiewmeng/Dropbox/expenses-app
17 error Linux 4.4.5-1-ARCH
18 error argv "/usr/bin/node" "/usr/bin/npm" "run" "dev"
19 error node v5.8.0
20 error npm  v3.8.1
21 error code ELIFECYCLE
22 error expenses-app@1.0.0 dev: `node scripts/develop.js`
22 error Exit status 1
23 error Failed at the expenses-app@1.0.0 dev script 'node scripts/develop.js'.
23 error Make sure you have the latest version of node.js and npm installed.
23 error If you do, this is most likely a problem with the expenses-app package,
23 error not with npm itself.
23 error Tell the author that this fails on your system:
23 error     node scripts/develop.js
23 error You can get information on how to open an issue for this project with:
23 error     npm bugs expenses-app
23 error Or if that isn't available, you can get their info via:
23 error     npm owner ls expenses-app
23 error There is likely additional logging output above.
24 verbose exit [ 1, true ]
